E:\Saved\Autocad Drawings\Biloshi.dwg,Layout2,2/11/2021 7:00:52 PM,Vishnu Patil,AutoCAD PDF (General Documentation).pc3,ARCH D (24.00 x 36.00 Inches),1:1,
E:\Saved\Autocad Drawings\Biloshi.dwg,Model,2/16/2021 10:26:02 PM,Vishnu Patil,Microsoft Print to PDF,A4,1:1.96412,
E:\Saved\Autocad Drawings\Biloshi.dwg,Layout2,2/17/2021 4:52:52 PM,Vishnu Patil,AutoCAD PDF (High Quality Print).pc3,ARCH D (24.00 x 36.00 Inches),1:1,
E:\Work\Shahapur Bangalow\Footing.dwg,Model,3/4/2021 2:06:49 PM,Vishnu Patil,Microsoft Print to PDF,Letter,1:330.883,
E:\Work\Shahapur Bangalow\Kalyan Hom design.dwg,Model,3/5/2021 11:48:29 AM,Vishnu Patil,DWG To PDF.pc3,ISO A2 (594.00 x 420.00 MM),1:1.51963,
E:\Work\Shahapur Bangalow\Center line.dwg,Model,3/5/2021 4:10:20 PM,Vishnu Patil,AutoCAD PDF (High Quality Print).pc3,ARCH E (36.00 x 48.00 Inches),1:26.1404,
C:\Users\Vishnu Patil\Desktop\Testube holder.dxf,Model,4/13/2021 3:44:32 PM,Vishnu Patil,AutoCAD PDF (High Quality Print).pc3,ISO A4 (210.00 x 297.00 MM),1:1.93348,
E:\Work\Shahapur Bangalow\Murbad Nandval Plan.dwg,Model,4/14/2021 6:34:23 PM,Vishnu Patil,AutoCAD PDF (High Quality Print).pc3,ARCH E1 (30.00 x 42.00 Inches),1:12.2106,
E:\Work\Rahul\Center line.dwg,Model,4/15/2021 1:40:44 PM,Vishnu Patil,AutoCAD PDF (High Quality Print).pc3,ARCH E1 (30.00 x 42.00 Inches),1:27.663,
E:\Work\Rahul\Center line.dwg,Model,4/18/2021 5:30:47 PM,Vishnu Patil,AutoCAD PDF (High Quality Print).pc3,ARCH E1 (30.00 x 42.00 Inches),1:15.9763,
E:\Work\Shahapur Bangalow\Murbad Nandval Plan.dwg,Model,4/21/2021 12:04:29 PM,Vishnu Patil,AutoCAD PDF (High Quality Print).pc3,ARCH E1 (30.00 x 42.00 Inches),1:34.469,
E:\Work\Shahapur Bangalow\Murbad Nandval Plan.dwg,Model,4/24/2021 8:15:23 PM,Vishnu Patil,AutoCAD PDF (High Quality Print).pc3,ARCH E1 (30.00 x 42.00 Inches),1:18.29,
E:\Work\Rahul\ground floor plan 1.dwg,Layout1,5/25/2021 7:36:28 PM,Vishnu Patil,AutoCAD PDF (High Quality Print).pc3,ARCH expand E (36.00 x 48.00 Inches),1:25.4,
E:\Work\Rahul\Dr. Salunkhe\SALUNKHE.SIR wg.dwg,Layout1,6/10/2021 7:59:51 PM,Vishnu Patil,AutoCAD PDF (High Quality Print).pc3,ARCH expand E (36.00 x 48.00 Inches),1:1,
E:\Work\Shahapur Bangalow\Murbad Nandval Plan.dwg,Layout1,6/16/2021 10:41:05 AM,Vishnu Patil,AutoCAD PDF (High Quality Print).pc3,ARCH expand E (36.00 x 48.00 Inches),1:1,
E:\Work\Shahapur Bangalow\Murbad Nandval Plan.dwg,Layout1,6/16/2021 12:20:48 PM,Vishnu Patil,AutoCAD PDF (High Quality Print).pc3,ARCH expand E (36.00 x 48.00 Inches),1:1,
E:\Work\Rahul\Salunkhe\Final\Footing\Footing.dwg,Layout1,6/18/2021 3:00:40 PM,Vishnu Patil,AutoCAD PDF (High Quality Print).pc3,ARCH expand E (36.00 x 48.00 Inches),1:635,
E:\Work\Rahul\Salunkhe\Final\Footing\Footing.dwg,Layout1 (2),6/18/2021 3:55:17 PM,Vishnu Patil,AutoCAD PDF (High Quality Print).pc3,ARCH expand E (36.00 x 48.00 Inches),1:635,
E:\Work\Vartaknagar Bungalow\ap.dwg,Model,6/26/2021 10:46:14 AM,Vishnu Patil,Canon G2010 series,A3 (Scaled),1:0.0628173,
E:\Work\Vartaknagar Bungalow\ap.dwg,Model,6/26/2021 10:47:29 AM,Vishnu Patil,Canon G2010 series,A4,1:0.0897026,
E:\Work\Vartaknagar Bungalow\ap.dwg,Model,6/26/2021 10:49:04 AM,Vishnu Patil,Canon G2010 series,A4,1:0.0897026,
E:\Work\NatOx\Bhumiworld\Mazzanine.dwg,Layout1,7/25/2021 3:06:13 PM,Vishnu Patil,AutoCAD PDF (High Quality Print).pc3,ARCH D (36.00 x 24.00 Inches),1:1,
E:\Work\NatOx\Bhumiworld\Mazzanine.dwg,Model,7/26/2021 2:52:41 PM,Vishnu Patil,Canon G2010 series.pc3,Previous paper size  (210.00 x 297.00 mm),1:6.39501,
E:\Work\NatOx\biloshi-site plan dimension.dwg,Model,7/26/2021 2:53:42 PM,Vishnu Patil,Canon G2010 series,A4,1:0.837543,
E:\Work\NatOx\biloshi-site plan Sample1 (1).dwg,Model,7/26/2021 2:55:08 PM,Vishnu Patil,Canon G2010 series,A4,1:1.00216,
E:\Work\NatOx\Bhumiworld\D2.dwg,Model,7/27/2021 11:14:19 AM,Vishnu Patil,AutoCAD PDF (High Quality Print).pc3,ISO full bleed A4 (210.00 x 297.00 MM),1:3.02143,
E:\Mazzanine 2013.dwg,Model,7/29/2021 12:22:41 AM,Vishnu Patil,AutoCAD PDF (High Quality Print).pc3,ISO full bleed A4 (297.00 x 210.00 MM),1:6.12231,
E:\Work\NatOx\Bhumiworld\Mazzanine.dwg,Model,8/1/2021 12:35:21 PM,Vishnu Patil,AutoCAD PDF (High Quality Print).pc3,ISO full bleed A4 (297.00 x 210.00 MM),1:1.87501,
E:\Bhavesh\Cooler.dwg,Layout1,8/23/2021 2:57:10 PM,Vishnu Patil,AutoCAD PDF (High Quality Print).pc3,ISO full bleed A4 (210.00 x 297.00 MM),1:0.0393701,
E:\Work\Tangadi\T Home.dwg,Layout1,8/28/2021 7:12:43 PM,Vishnu Patil,AutoCAD PDF (General Documentation).pc3,ISO A4 (297.00 x 210.00 MM),1:0.0393701,
E:\Work\Tangadi\T Home.dwg,V2,8/29/2021 7:41:22 PM,Vishnu Patil,AutoCAD PDF (General Documentation).pc3,ISO A4 (297.00 x 210.00 MM),1:0.0393701,
C:\Users\Vishnu Patil\Desktop\TEMP BOX\Temp Square New.dwg,Model,02-11-2021 19:42:03,Vishnu Patil,Canon G2010 seriesa.pc3,A4,1:1,
E:\Work\Rahul\Adesh Harad\adesh bunglow.dwg,Model,15-11-2021 22:38:23,Vishnu Patil,AutoCAD PDF (High Quality Print).pc3,ARCH D (36.00 x 24.00 Inches),1:44.746,
E:\Work\Rahul\Adesh Harad\adesh bunglow.dwg,Model,16-11-2021 23:51:40,Vishnu Patil,Microsoft Print to PDF,A4,1:4.80843,
E:\Work\Rahul\Adesh Harad\adesh bunglow.dwg,Model,16-11-2021 23:54:44,Vishnu Patil,Microsoft Print to PDF,A4,1:2.8782,
E:\Work\Rahul\Adesh Harad\adesh bunglow.dwg,Model,16-11-2021 23:55:27,Vishnu Patil,Microsoft Print to PDF,A4,1:2.51765,
E:\Work\Rahul\Adesh Harad\adesh bunglow.dwg,Model,16-11-2021 23:55:59,Vishnu Patil,Microsoft Print to PDF,A4,1:2.51765,
E:\Work\Rahul\Adesh Harad\adesh bunglow.dwg,Model,18-11-2021 21:10:50,Vishnu Patil,Microsoft Print to PDF,A4,1:4.71795,
E:\Work\Rahul\Adesh Harad\adesh bunglow.dwg,Model,18-11-2021 21:11:18,Vishnu Patil,Microsoft Print to PDF,A4,1:2.95776,
E:\Work\Rahul\Adesh Harad\adesh bunglow.dwg,Model,18-11-2021 21:11:42,Vishnu Patil,Microsoft Print to PDF,A4,1:2.77357,
E:\Work\Rahul\Adesh Harad\adesh bunglow.dwg,Model,18-11-2021 21:12:59,Vishnu Patil,Microsoft Print to PDF,A4,1:2.73718,
E:\Work\Rahul\Adesh Harad\adesh bunglow.dwg,Model,18-11-2021 21:13:27,Vishnu Patil,Microsoft Print to PDF,A4,1:2.51311,
E:\Work\Rahul\Adesh Harad\adesh bunglow.dwg,Model,19-11-2021 10:06:29,Vishnu Patil,Microsoft Print to PDF,A4,1:4.84991,
E:\Work\Rahul\Adesh Harad\adesh bunglow.dwg,Model,19-11-2021 10:08:55,Vishnu Patil,Microsoft Print to PDF,A4,1:2.70336,
E:\Work\Rahul\Adesh Harad\adesh bunglow.dwg,Model,19-11-2021 10:27:06,Vishnu Patil,Microsoft Print to PDF,A4,1:4.81432,
E:\Work\Rahul\Adesh Harad\adesh bunglow.dwg,Model,19-11-2021 10:30:47,Vishnu Patil,Microsoft Print to PDF,A4,1:4.81432,
E:\Work\Rahul\Adesh Harad\adesh bunglow.dwg,Model,19-11-2021 10:31:07,Vishnu Patil,Microsoft Print to PDF,A4,1:2.7119,
E:\Work\Rahul\Adesh Harad\adesh bunglow.dwg,Model,19-11-2021 11:27:51,Vishnu Patil,Microsoft Print to PDF,A4,1:4.63639,
E:\Work\Rahul\Adesh Harad\adesh bunglow.dwg,Model,19-11-2021 23:59:32,Vishnu Patil,Microsoft Print to PDF,A4,1:4.63639,
E:\Work\Rahul\Adesh Harad\adesh bunglow.dwg,Model,20-11-2021 00:00:06,Vishnu Patil,Microsoft Print to PDF,A4,1:3.11579,
E:\Work\Rahul\Adesh Harad\adesh bunglow.dwg,Model,20-11-2021 00:00:30,Vishnu Patil,Microsoft Print to PDF,A4,1:3.08487,
E:\Work\Tangadi\T Home.dwg,Model,20-11-2021 22:51:12,Vishnu Patil,Microsoft Print to PDF,A4,1:2.87121,
E:\Work\Tangadi\T Home.dwg,Model,20-11-2021 22:51:53,Vishnu Patil,Canon G2010 series,A4,1:2.99089,
E:\Work\Tangadi\T Home.dwg,Model,20-11-2021 22:52:52,Vishnu Patil,Canon G2010 series,A4,1:2.99089,
E:\Work\Tangadi\T Home.dwg,Model,20-11-2021 22:53:26,Vishnu Patil,Microsoft Print to PDF,A4,1:2.87121,
E:\Work\Tangadi\T Home.dwg,Model,21-11-2021 10:48:28,Vishnu Patil,Microsoft Print to PDF,A4,1:2.87121,
E:\Work\Tangadi\T Home.dwg,Model,21-11-2021 10:48:45,Vishnu Patil,Canon G2010 series,A4,1:2.99089,
E:\Work\Tangadi\T Home.dwg,Model,21-11-2021 10:49:29,Vishnu Patil,Canon G2010 series,A4,1:2.99089,
E:\Work\Sunil Base Home\sunil Base home.dwg,Model,25-11-2021 15:05:40,Vishnu Patil,Microsoft Print to PDF,A4,1:2.1147,
E:\Work\Sunil Base Home\sunil Base home.dwg,Model,25-11-2021 15:07:40,Vishnu Patil,Microsoft Print to PDF,A4,1:2.1147,
E:\Work\Sunil Base Home\sunil Base home.dwg,Model,25-11-2021 15:12:56,Vishnu Patil,Microsoft Print to PDF,A4,1:2.22685,
E:\Work\Sunil Base Home\sunil Base home.dwg,Model,25-11-2021 16:02:04,Vishnu Patil,Microsoft Print to PDF,A4,1:1.84769,
